<?xml version="1.0" encoding="UTF-8"?>
<rss version="2.0">
    <channel>
        <title>Test RSS Feed</title>
        <link>https://example.com</link>
        <description>A test RSS feed for unit testing</description>
        <language>en-us</language>
        <lastBuildDate>Mon, 26 Oct 2025 12:00:00 GMT</lastBuildDate>
        
        <item>
            <title>Latest News Item</title>
            <link>https://example.com/news/latest</link>
            <description>This is the most recent news item</description>
            <pubDate>Mon, 26 Oct 2025 10:00:00 GMT</pubDate>
            <author>John Doe</author>
            <category>Technology</category>
            <category>News</category>
            <guid>https://example.com/news/latest</guid>
        </item>
        
        <item>
            <title>Second News Item</title>
            <link>https://example.com/news/second</link>
            <description>This is the second most recent item</description>
            <pubDate>Sun, 25 Oct 2025 15:30:00 GMT</pubDate>
            <author>Jane Smith</author>
            <category>Business</category>
            <guid>https://example.com/news/second</guid>
        </item>
        
        <item>
            <title>Third News Item</title>
            <link>https://example.com/news/third</link>
            <description>This is the third item</description>
            <pubDate>Sat, 24 Oct 2025 09:00:00 GMT</pubDate>
            <author>Bob Wilson</author>
            <category>Sports</category>
            <guid>https://example.com/news/third</guid>
        </item>
        
        <item>
            <title>Fourth News Item</title>
            <link>https://example.com/news/fourth</link>
            <description>This is an older item from last week</description>
            <pubDate>Mon, 19 Oct 2025 14:00:00 GMT</pubDate>
            <category>Politics</category>
            <guid>https://example.com/news/fourth</guid>
        </item>
        
        <item>
            <title>Fifth News Item</title>
            <link>https://example.com/news/fifth</link>
            <description>This is an even older item</description>
            <pubDate>Wed, 14 Oct 2025 08:30:00 GMT</pubDate>
            <author>Alice Johnson</author>
            <guid>https://example.com/news/fifth</guid>
        </item>
        
        <item>
            <title>Item Without Date</title>
            <link>https://example.com/news/no-date</link>
            <description>This item has no publication date</description>
            <author>Test Author</author>
            <category>Testing</category>
            <guid>https://example.com/news/no-date</guid>
        </item>
        
        <item>
            <title>Item With Minimal Fields</title>
            <link>https://example.com/news/minimal</link>
            <pubDate>Tue, 20 Oct 2025 11:00:00 GMT</pubDate>
        </item>
        
        <item>
            <title>Item 8</title>
            <link>https://example.com/news/8</link>
            <description>Item for testing limit</description>
            <pubDate>Sat, 17 Oct 2025 12:00:00 GMT</pubDate>
            <guid>https://example.com/news/8</guid>
        </item>
        
        <item>
            <title>Item 9</title>
            <link>https://example.com/news/9</link>
            <description>Item for testing limit</description>
            <pubDate>Fri, 16 Oct 2025 12:00:00 GMT</pubDate>
            <guid>https://example.com/news/9</guid>
        </item>
        
        <item>
            <title>Item 10</title>
            <link>https://example.com/news/10</link>
            <description>Item for testing limit</description>
            <pubDate>Thu, 15 Oct 2025 12:00:00 GMT</pubDate>
            <guid>https://example.com/news/10</guid>
        </item>
        
        <item>
            <title>Item 11</title>
            <link>https://example.com/news/11</link>
            <description>Item for testing limit</description>
            <pubDate>Wed, 13 Oct 2025 12:00:00 GMT</pubDate>
            <guid>https://example.com/news/11</guid>
        </item>
        
        <item>
            <title>Item 12</title>
            <link>https://example.com/news/12</link>
            <description>Item for testing limit</description>
            <pubDate>Tue, 12 Oct 2025 12:00:00 GMT</pubDate>
            <guid>https://example.com/news/12</guid>
        </item>
        
        <item>
            <title>Very Old Item</title>
            <link>https://example.com/news/very-old</link>
            <description>This is a very old item from January</description>
            <pubDate>Wed, 15 Jan 2025 10:00:00 GMT</pubDate>
            <author>Archive Bot</author>
            <guid>https://example.com/news/very-old</guid>
        </item>
        
        <item>
            <title>Ancient Item</title>
            <link>https://example.com/news/ancient</link>
            <description>This is from last year</description>
            <pubDate>Mon, 20 Nov 2024 10:00:00 GMT</pubDate>
            <author>History Keeper</author>
            <guid>https://example.com/news/ancient</guid>
        </item>
        
        <item>
            <title>Future Item</title>
            <link>https://example.com/news/future</link>
            <description>This item is dated in the future</description>
            <pubDate>Sun, 30 Nov 2025 10:00:00 GMT</pubDate>
            <author>Time Traveler</author>
            <guid>https://example.com/news/future</guid>
        </item>
    </channel>
</rss>

